# JRE version: Java(TM) SE Runtime Environment 18.9 (11.0.12+8) (build 11.0.12+8-LTS-237)
# Java VM: Java HotSpot(TM) 64-Bit Server VM 18.9 (11.0.12+8-LTS-237, mixed mode, tiered, compressed oops, g1 gc, windows-amd64)
Heap:
 garbage-first heap   total 41984K, used 18499K [0x0000000083200000, 0x0000000100000000)
  region size 1024K, 10 young (10240K), 1 survivors (1024K)
 Metaspace       used 17061K, capacity 17417K, committed 17536K, reserved 1064960K
  class space    used 1736K, capacity 1888K, committed 1920K, reserved 1048576K
GC Heap History (10 events):
Event: 0.652 GC heap before
{Heap before GC invocations=12 (full 0):
 garbage-first heap   total 14336K, used 6886K [0x0000000083200000, 0x0000000100000000)
  region size 1024K, 3 young (3072K), 1 survivors (1024K)
 Metaspace       used 15345K, capacity 15690K, committed 15872K, reserved 1062912K
  class space    used 1610K, capacity 1745K, committed 1792K, reserved 1048576K
}
Event: 0.655 GC heap after
{Heap after GC invocations=13 (full 0):
 garbage-first heap   total 21504K, used 6213K [0x0000000083200000, 0x0000000100000000)
  region size 1024K, 1 young (1024K), 1 survivors (1024K)
 Metaspace       used 15345K, capacity 15690K, committed 15872K, reserved 1062912K
  class space    used 1610K, capacity 1745K, committed 1792K, reserved 1048576K
}
Event: 0.798 GC heap before
{Heap before GC invocations=13 (full 0):
 garbage-first heap   total 21504K, used 11333K [0x0000000083200000, 0x0000000100000000)
  region size 1024K, 6 young (6144K), 1 survivors (1024K)
 Metaspace       used 15893K, capacity 16299K, committed 16512K, reserved 1064960K
  class space    used 1654K, capacity 1797K, committed 1920K, reserved 1048576K
}
Event: 0.802 GC heap after
{Heap after GC invocations=14 (full 0):
 garbage-first heap   total 21504K, used 7462K [0x0000000083200000, 0x0000000100000000)
  region size 1024K, 1 young (1024K), 1 survivors (1024K)
 Metaspace       used 15893K, capacity 16299K, committed 16512K, reserved 1064960K
  class space    used 1654K, capacity 1797K, committed 1920K, reserved 1048576K
}
Event: 0.858 GC heap before
{Heap before GC invocations=14 (full 0):
 garbage-first heap   total 21504K, used 11558K [0x0000000083200000, 0x0000000100000000)
  region size 1024K, 5 young (5120K), 1 survivors (1024K)
 Metaspace       used 16078K, capacity 16446K, committed 16768K, reserved 1064960K
  class space    used 1671K, capacity 1803K, committed 1920K, reserved 1048576K
}
Event: 0.861 GC heap after
{Heap after GC invocations=15 (full 0):
 garbage-first heap   total 21504K, used 8253K [0x0000000083200000, 0x0000000100000000)
  region size 1024K, 1 young (1024K), 1 survivors (1024K)
 Metaspace       used 16078K, capacity 16446K, committed 16768K, reserved 1064960K
  class space    used 1671K, capacity 1803K, committed 1920K, reserved 1048576K
}
Event: 0.890 GC heap before
{Heap before GC invocations=15 (full 0):
 garbage-first heap   total 21504K, used 12349K [0x0000000083200000, 0x0000000100000000)
  region size 1024K, 5 young (5120K), 1 survivors (1024K)
 Metaspace       used 16115K, capacity 16452K, committed 16768K, reserved 1064960K
  class space    used 1674K, capacity 1805K, committed 1920K, reserved 1048576K
}
Event: 0.892 GC heap after
{Heap after GC invocations=16 (full 0):
 garbage-first heap   total 21504K, used 8756K [0x0000000083200000, 0x0000000100000000)
  region size 1024K, 1 young (1024K), 1 survivors (1024K)
 Metaspace       used 16115K, capacity 16452K, committed 16768K, reserved 1064960K
  class space    used 1674K, capacity 1805K, committed 1920K, reserved 1048576K
}
Event: 0.981 GC heap before
{Heap before GC invocations=16 (full 0):
 garbage-first heap   total 21504K, used 12852K [0x0000000083200000, 0x0000000100000000)
  region size 1024K, 5 young (5120K), 1 survivors (1024K)
 Metaspace       used 16279K, capacity 16653K, committed 16768K, reserved 1064960K
  class space    used 1676K, capacity 1807K, committed 1920K, reserved 1048576K
}
Event: 0.984 GC heap after
{Heap after GC invocations=17 (full 0):
 garbage-first heap   total 41984K, used 9283K [0x0000000083200000, 0x0000000100000000)
  region size 1024K, 1 young (1024K), 1 survivors (1024K)
 Metaspace       used 16279K, capacity 16653K, committed 16768K, reserved 1064960K
  class space    used 1676K, capacity 1807K, committed 1920K, reserved 1048576K
}

